<?xml version="1.0" encoding="UTF-8"?>
<testng-results ignored="0" total="1" passed="1" failed="0" skipped="0">
  <reporter-output>
  </reporter-output>
  <suite started-at="2026-01-18T00:16:25 IST" name="Suite" finished-at="2026-01-18T00:16:36 IST" duration-ms="11054">
    <groups>
      <group name="Master">
        <method signature="TC1_AccountRegistration.accountRegistration()[pri:0, instance:testCases.TC1_AccountRegistration@50d13246]" name="accountRegistration" class="testCases.TC1_AccountRegistration"/>
      </group> <!-- Master -->
      <group name="Sanity">
        <method signature="TC1_AccountRegistration.accountRegistration()[pri:0, instance:testCases.TC1_AccountRegistration@50d13246]" name="accountRegistration" class="testCases.TC1_AccountRegistration"/>
      </group> <!-- Sanity -->
    </groups>
    <test started-at="2026-01-18T00:16:25 IST" name="Linux2" finished-at="2026-01-18T00:16:36 IST" duration-ms="11054">
      <class name="testCases.TC1_AccountRegistration">
        <test-method is-config="true" signature="setup(java.lang.String,java.lang.String)[pri:0, instance:testCases.TC1_AccountRegistration@50d13246]" started-at="2026-01-18T00:16:26 IST" name="setup" finished-at="2026-01-18T00:16:30 IST" duration-ms="4045" status="PASS">
          <params>
            <param index="0">
              <value>
                <![CDATA[linux]]>
              </value>
            </param>
            <param index="1">
              <value>
                <![CDATA[firefox]]>
              </value>
            </param>
          </params>
          <reporter-output>
          </reporter-output>
        </test-method> <!-- setup -->
        <test-method signature="accountRegistration()[pri:0, instance:testCases.TC1_AccountRegistration@50d13246]" started-at="2026-01-18T00:16:30 IST" name="accountRegistration" finished-at="2026-01-18T00:16:36 IST" duration-ms="6131" status="PASS">
          <reporter-output>
          </reporter-output>
        </test-method> <!-- accountRegistration -->
        <test-method is-config="true" signature="tearDown()[pri:0, instance:testCases.TC1_AccountRegistration@50d13246]" started-at="2026-01-18T00:16:36 IST" name="tearDown" finished-at="2026-01-18T00:16:36 IST" duration-ms="718" status="PASS">
          <reporter-output>
          </reporter-output>
        </test-method> <!-- tearDown -->
      </class> <!-- testCases.TC1_AccountRegistration -->
    </test> <!-- Linux2 -->
  </suite> <!-- Suite -->
</testng-results>
